[INFO]-[2024/06/14 09:55:08] #################### Start Cloning Job ####################
[info]-[2024/06/14 09:55:08] WP Staging Version: 3.6.0
[info]-[2024/06/14 09:55:08] PHP Version: 7.4.33
[info]-[2024/06/14 09:55:08] Server: Apache
[info]-[2024/06/14 09:55:08] MySQL: 10.6.17
[info]-[2024/06/14 09:55:08] WP Version: 6.5.4
[info]-[2024/06/14 09:55:08] Host: General
[info]-[2024/06/14 09:55:08] PHP Memory Limit: 1073741824
[info]-[2024/06/14 09:55:08] WP Memory Limit: 41943040
[info]-[2024/06/14 09:55:08] PHP Max Execution Time: 300
[INFO]-[2024/06/14 09:55:08] DB Copy: Creating table wpstg0_commentmeta
[INFO]-[2024/06/14 09:55:08] DB Copy: Table wp_commentmeta contains 0 rows 
[INFO]-[2024/06/14 09:55:08] DB Copy: Creating table wpstg0_comments
[INFO]-[2024/06/14 09:55:08] DB Copy: Table wp_comments contains 1 rows 
[INFO]-[2024/06/14 09:55:08] DB Copy: Copy data from wp_comments to wpstg0_comments - 0 to 10000 records
[INFO]-[2024/06/14 09:55:08] DB Copy: Creating table wpstg0_links
[INFO]-[2024/06/14 09:55:08] DB Copy: Table wp_links contains 0 rows 
[INFO]-[2024/06/14 09:55:08] DB Copy: Creating table wpstg0_options
[INFO]-[2024/06/14 09:55:08] DB Copy: Table wp_options contains 178 rows 
[INFO]-[2024/06/14 09:55:08] DB Copy: Copy data from wp_options to wpstg0_options - 0 to 10000 records
[INFO]-[2024/06/14 09:55:08] DB Copy: Creating table wpstg0_postmeta
[INFO]-[2024/06/14 09:55:08] DB Copy: Table wp_postmeta contains 2 rows 
[INFO]-[2024/06/14 09:55:08] DB Copy: Copy data from wp_postmeta to wpstg0_postmeta - 0 to 10000 records
[INFO]-[2024/06/14 09:55:08] DB Copy: Creating table wpstg0_posts
[INFO]-[2024/06/14 09:55:08] DB Copy: Table wp_posts contains 4 rows 
[INFO]-[2024/06/14 09:55:08] DB Copy: Copy data from wp_posts to wpstg0_posts - 0 to 10000 records
[INFO]-[2024/06/14 09:55:08] DB Copy: Creating table wpstg0_term_relationships
[INFO]-[2024/06/14 09:55:08] DB Copy: Table wp_term_relationships contains 1 rows 
[INFO]-[2024/06/14 09:55:08] DB Copy: Copy data from wp_term_relationships to wpstg0_term_relationships - 0 to 10000 records
[INFO]-[2024/06/14 09:55:08] DB Copy: Creating table wpstg0_term_taxonomy
[INFO]-[2024/06/14 09:55:08] DB Copy: Table wp_term_taxonomy contains 1 rows 
[INFO]-[2024/06/14 09:55:08] DB Copy: Copy data from wp_term_taxonomy to wpstg0_term_taxonomy - 0 to 10000 records
[INFO]-[2024/06/14 09:55:09] DB Copy: Creating table wpstg0_termmeta
[INFO]-[2024/06/14 09:55:09] DB Copy: Table wp_termmeta contains 0 rows 
[INFO]-[2024/06/14 09:55:09] DB Copy: Creating table wpstg0_terms
[INFO]-[2024/06/14 09:55:09] DB Copy: Table wp_terms contains 1 rows 
[INFO]-[2024/06/14 09:55:09] DB Copy: Copy data from wp_terms to wpstg0_terms - 0 to 10000 records
[INFO]-[2024/06/14 09:55:09] DB Copy: Creating table wpstg0_usermeta
[INFO]-[2024/06/14 09:55:09] DB Copy: Table wp_usermeta contains 18 rows 
[INFO]-[2024/06/14 09:55:09] DB Copy: Copy data from wp_usermeta to wpstg0_usermeta - 0 to 10000 records
[INFO]-[2024/06/14 09:55:09] DB Copy: Creating table wpstg0_users
[INFO]-[2024/06/14 09:55:09] DB Copy: Table wp_users contains 1 rows 
[INFO]-[2024/06/14 09:55:09] DB Copy: Copy data from wp_users to wpstg0_users - 0 to 10000 records
[INFO]-[2024/06/14 09:55:09] DB Search & Replace:  Table wpstg0_comments 0 to 20000 records
[INFO]-[2024/06/14 09:55:09] DB Search & Replace:  Table wpstg0_options 0 to 20000 records
[INFO]-[2024/06/14 09:55:09] DB Search & Replace:  Table wpstg0_postmeta 0 to 20000 records
[INFO]-[2024/06/14 09:55:09] DB Search & Replace:  Table wpstg0_posts 0 to 20000 records
[INFO]-[2024/06/14 09:55:09] DB Search & Replace:  Table wpstg0_term_relationships 0 to 20000 records
[INFO]-[2024/06/14 09:55:09] DB Search & Replace:  Table wpstg0_term_taxonomy 0 to 20000 records
[INFO]-[2024/06/14 09:55:09] DB Search & Replace:  Table wpstg0_terms 0 to 20000 records
[INFO]-[2024/06/14 09:55:10] DB Search & Replace:  Table wpstg0_usermeta 0 to 20000 records
[INFO]-[2024/06/14 09:55:10] DB Search & Replace:  Table wpstg0_users 0 to 20000 records
[INFO]-[2024/06/14 09:55:10] Scanning / and its files
[INFO]-[2024/06/14 09:55:10] Scanning wp-content/plugins/, its sub-directories and files
[INFO]-[2024/06/14 09:55:11] Scanning wp-content/mu-plugins/, its sub-directories and files
[INFO]-[2024/06/14 09:55:12] Scanning wp-content/themes/, its sub-directories and files
[INFO]-[2024/06/14 09:55:13] Scanning wp-content/uploads/, its sub-directories and files
[INFO]-[2024/06/14 09:55:14] Scanning wp-content/ for other directories and files
[INFO]-[2024/06/14 09:55:15] Scanning wp-includes/, its sub-directories and files
[INFO]-[2024/06/14 09:55:15] Scanning wp-admin/, its sub-directories and files
[INFO]-[2024/06/14 09:55:16] Copying files...
[INFO]-[2024/06/14 09:55:16] Total 50 files processed
[INFO]-[2024/06/14 09:55:16] Total 100 files processed
[INFO]-[2024/06/14 09:55:16] Total 150 files processed
[INFO]-[2024/06/14 09:55:16] Total 200 files processed
[INFO]-[2024/06/14 09:55:16] Total 250 files processed
[INFO]-[2024/06/14 09:55:16] Total 300 files processed
[INFO]-[2024/06/14 09:55:16] Total 350 files processed
[INFO]-[2024/06/14 09:55:16] Total 400 files processed
[INFO]-[2024/06/14 09:55:16] Total 450 files processed
[INFO]-[2024/06/14 09:55:16] Total 500 files processed
[INFO]-[2024/06/14 09:55:16] Total 550 files processed
[INFO]-[2024/06/14 09:55:16] Total 600 files processed
[INFO]-[2024/06/14 09:55:17] Total 650 files processed
[INFO]-[2024/06/14 09:55:17] Total 700 files processed
[INFO]-[2024/06/14 09:55:17] Total 750 files processed
[INFO]-[2024/06/14 09:55:17] Total 800 files processed
[INFO]-[2024/06/14 09:55:17] Total 850 files processed
[INFO]-[2024/06/14 09:55:17] Total 900 files processed
[INFO]-[2024/06/14 09:55:17] Total 950 files processed
[INFO]-[2024/06/14 09:55:17] Total 1000 files processed
[INFO]-[2024/06/14 09:55:17] Total 1050 files processed
[INFO]-[2024/06/14 09:55:17] Total 1100 files processed
[INFO]-[2024/06/14 09:55:17] Total 1150 files processed
[INFO]-[2024/06/14 09:55:18] Total 1200 files processed
[INFO]-[2024/06/14 09:55:18] Total 1250 files processed
[INFO]-[2024/06/14 09:55:19] Total 1300 files processed
[INFO]-[2024/06/14 09:55:19] Total 1350 files processed
[INFO]-[2024/06/14 09:55:19] Total 1400 files processed
[INFO]-[2024/06/14 09:55:19] Total 1450 files processed
[INFO]-[2024/06/14 09:55:19] Total 1500 files processed
[INFO]-[2024/06/14 09:55:19] Total 1550 files processed
[INFO]-[2024/06/14 09:55:19] Total 1600 files processed
[INFO]-[2024/06/14 09:55:19] Total 1650 files processed
[INFO]-[2024/06/14 09:55:19] Total 1700 files processed
[INFO]-[2024/06/14 09:55:19] Total 1750 files processed
[INFO]-[2024/06/14 09:55:19] Total 1800 files processed
[INFO]-[2024/06/14 09:55:19] Total 1850 files processed
[INFO]-[2024/06/14 09:55:20] Total 1900 files processed
[INFO]-[2024/06/14 09:55:20] Total 1950 files processed
[INFO]-[2024/06/14 09:55:20] Total 2000 files processed
[INFO]-[2024/06/14 09:55:20] Total 2050 files processed
[INFO]-[2024/06/14 09:55:20] Total 2100 files processed
[INFO]-[2024/06/14 09:55:20] Total 2150 files processed
[INFO]-[2024/06/14 09:55:20] Total 2200 files processed
[INFO]-[2024/06/14 09:55:20] Total 2250 files processed
[INFO]-[2024/06/14 09:55:20] Total 2300 files processed
[INFO]-[2024/06/14 09:55:20] Total 2350 files processed
[INFO]-[2024/06/14 09:55:20] Total 2400 files processed
[INFO]-[2024/06/14 09:55:20] Total 2450 files processed
[INFO]-[2024/06/14 09:55:21] Total 2500 files processed
[INFO]-[2024/06/14 09:55:21] Total 2550 files processed
[INFO]-[2024/06/14 09:55:21] Total 2600 files processed
[INFO]-[2024/06/14 09:55:21] Total 2650 files processed
[INFO]-[2024/06/14 09:55:21] Total 2700 files processed
[INFO]-[2024/06/14 09:55:21] Total 2750 files processed
[INFO]-[2024/06/14 09:55:21] Total 2800 files processed
[INFO]-[2024/06/14 09:55:21] Total 2850 files processed
[INFO]-[2024/06/14 09:55:21] Total 2900 files processed
[INFO]-[2024/06/14 09:55:21] Total 2950 files processed
[INFO]-[2024/06/14 09:55:21] Total 3000 files processed
[INFO]-[2024/06/14 09:55:21] Total 3050 files processed
[INFO]-[2024/06/14 09:55:22] Total 3100 files processed
[INFO]-[2024/06/14 09:55:22] Total 3150 files processed
[INFO]-[2024/06/14 09:55:22] Total 3200 files processed
[INFO]-[2024/06/14 09:55:22] Total 3250 files processed
[INFO]-[2024/06/14 09:55:22] Total 3300 files processed
[INFO]-[2024/06/14 09:55:22] Total 3350 files processed
[INFO]-[2024/06/14 09:55:22] Total 3400 files processed
[INFO]-[2024/06/14 09:55:22] Total 3450 files processed
[INFO]-[2024/06/14 09:55:22] Total 3500 files processed
[INFO]-[2024/06/14 09:55:22] Total 3550 files processed
[INFO]-[2024/06/14 09:55:22] Total 3600 files processed
[INFO]-[2024/06/14 09:55:22] Total 3650 files processed
[INFO]-[2024/06/14 09:55:22] Total 3700 files processed
[INFO]-[2024/06/14 09:55:23] Total 3750 files processed
[INFO]-[2024/06/14 09:55:23] Total 3800 files processed
[INFO]-[2024/06/14 09:55:23] Total 3850 files processed
[INFO]-[2024/06/14 09:55:23] Total 3900 files processed
[INFO]-[2024/06/14 09:55:23] Skipped symlinking WP Uploads Folder
[INFO]-[2024/06/14 09:55:23] Copying files finished
[INFO]-[2024/06/14 09:55:23] DB Data Step 0: Copy wp-config.php file
[INFO]-[2024/06/14 09:55:23] DB Data Step 0: Skipping: wp-config.php already exists in /virtual/ramenosusu/public_html/ramenosusu.shop/staging-ramenosu/wp-config.php
[INFO]-[2024/06/14 09:55:23] DB Data Step 1: Updating siteurl and homeurl in wpstg0_options to https://ramenosusu.shop/staging-ramenosu
[INFO]-[2024/06/14 09:55:23] DB Data Step 3: Updating db prefix in wpstg0_usermeta.
[INFO]-[2024/06/14 09:55:23] DB Data Step 4: Updating table_prefix in /virtual/ramenosusu/public_html/ramenosusu.shop/staging-ramenosu/wp-config.php to wpstg0_
[INFO]-[2024/06/14 09:55:23] DB Data Step 5: WP installation is not in a subdirectory! Skipping this step
[INFO]-[2024/06/14 09:55:23] DB Data Step 6: Updating db prefix in wpstg0_options.
[INFO]-[2024/06/14 09:55:23] DB Data Step 7: Updating constants in wp-config.php
[INFO]-[2024/06/14 09:55:23] DB Data Step 7: Added constant:WP_LANG_DIR
[INFO]-[2024/06/14 09:55:23] DB Data Step 7: Added constant:WP_HOME
[INFO]-[2024/06/14 09:55:23] DB Data Step 7: Added constant:WP_SITEURL
[INFO]-[2024/06/14 09:55:23] DB Data Step 7: Added constant:WP_CACHE
[INFO]-[2024/06/14 09:55:23] DB Data Step 7: Added constant:DISABLE_WP_CRON
[INFO]-[2024/06/14 09:55:23] DB Data Step 7: Added constant:WP_ENVIRONMENT_TYPE
[INFO]-[2024/06/14 09:55:23] DB Data Step 7: Added constant:WP_DEVELOPMENT_MODE
[INFO]-[2024/06/14 09:55:23] DB Data Step 7: Added constant:WPSTAGING_DEV_SITE
[INFO]-[2024/06/14 09:55:23] DB Data Step 7: Added constant:UPLOADS
[INFO]-[2024/06/14 09:55:23] DB Data Step 7: Added constant:WP_PLUGIN_DIR
[INFO]-[2024/06/14 09:55:23] DB Data Step 7: Added constant:WP_PLUGIN_URL
[INFO]-[2024/06/14 09:55:23] DB Data Step 7: Skipping: WP_ALLOW_MULTISITE not defined in wp-config.php.
[INFO]-[2024/06/14 09:55:23] DB Data Step 7: Skipping: MULTISITE not defined in wp-config.php.
[INFO]-[2024/06/14 09:55:24] Finish: Deleting clone job's cache files...
[INFO]-[2024/06/14 09:55:24] Finish: Clone job's cache files have been deleted!
[INFO]-[2024/06/14 09:55:24] Finish: Verifying existing clones...
[INFO]-[2024/06/14 09:55:24] Finish: The job finished!
[info]-[2024/06/14 09:55:24] ################## FINISH ##################
