[INFO]-[2024/06/14 10:06:04] #################### Start Update Job ####################
[info]-[2024/06/14 10:06:04] Staging Site ID: 1718326501896
[info]-[2024/06/14 10:06:04] Staging Site: staging.ramenosusu
[info]-[2024/06/14 10:06:04] WP Staging Version: 3.6.0
[info]-[2024/06/14 10:06:04] PHP Version: 7.4.33
[info]-[2024/06/14 10:06:04] Server: Apache
[info]-[2024/06/14 10:06:04] MySQL: 10.6.17
[info]-[2024/06/14 10:06:04] WP Version: 6.5.4
[info]-[2024/06/14 10:06:04] Host: General
[info]-[2024/06/14 10:06:04] PHP Memory Limit: 1073741824
[info]-[2024/06/14 10:06:04] WP Memory Limit: 41943040
[info]-[2024/06/14 10:06:04] PHP Max Execution Time: 300
[INFO]-[2024/06/14 10:06:05] DB Copy: Table wpstg0_commentmeta already exists, dropping it first
[INFO]-[2024/06/14 10:06:05] DB Copy: Creating table wpstg0_commentmeta
[INFO]-[2024/06/14 10:06:05] DB Copy: Table wp_commentmeta contains 0 rows 
[INFO]-[2024/06/14 10:06:05] DB Copy: Table wpstg0_comments already exists, dropping it first
[INFO]-[2024/06/14 10:06:05] DB Copy: Creating table wpstg0_comments
[INFO]-[2024/06/14 10:06:05] DB Copy: Table wp_comments contains 1 rows 
[INFO]-[2024/06/14 10:06:05] DB Copy: Copy data from wp_comments to wpstg0_comments - 0 to 10000 records
[INFO]-[2024/06/14 10:06:05] DB Copy: Table wpstg0_links already exists, dropping it first
[INFO]-[2024/06/14 10:06:05] DB Copy: Creating table wpstg0_links
[INFO]-[2024/06/14 10:06:05] DB Copy: Table wp_links contains 0 rows 
[INFO]-[2024/06/14 10:06:05] DB Copy: Table wpstg0_options already exists, dropping it first
[INFO]-[2024/06/14 10:06:05] DB Copy: Creating table wpstg0_options
[INFO]-[2024/06/14 10:06:05] DB Copy: Table wp_options contains 180 rows 
[INFO]-[2024/06/14 10:06:05] DB Copy: Copy data from wp_options to wpstg0_options - 0 to 10000 records
[INFO]-[2024/06/14 10:06:05] DB Copy: Table wpstg0_postmeta already exists, dropping it first
[INFO]-[2024/06/14 10:06:05] DB Copy: Creating table wpstg0_postmeta
[INFO]-[2024/06/14 10:06:05] DB Copy: Table wp_postmeta contains 2 rows 
[INFO]-[2024/06/14 10:06:05] DB Copy: Copy data from wp_postmeta to wpstg0_postmeta - 0 to 10000 records
[INFO]-[2024/06/14 10:06:05] DB Copy: Table wpstg0_posts already exists, dropping it first
[INFO]-[2024/06/14 10:06:05] DB Copy: Creating table wpstg0_posts
[INFO]-[2024/06/14 10:06:05] DB Copy: Table wp_posts contains 4 rows 
[INFO]-[2024/06/14 10:06:05] DB Copy: Copy data from wp_posts to wpstg0_posts - 0 to 10000 records
[INFO]-[2024/06/14 10:06:05] DB Copy: Table wpstg0_term_relationships already exists, dropping it first
[INFO]-[2024/06/14 10:06:05] DB Copy: Creating table wpstg0_term_relationships
[INFO]-[2024/06/14 10:06:05] DB Copy: Table wp_term_relationships contains 1 rows 
[INFO]-[2024/06/14 10:06:05] DB Copy: Copy data from wp_term_relationships to wpstg0_term_relationships - 0 to 10000 records
[INFO]-[2024/06/14 10:06:05] DB Copy: Table wpstg0_term_taxonomy already exists, dropping it first
[INFO]-[2024/06/14 10:06:05] DB Copy: Creating table wpstg0_term_taxonomy
[INFO]-[2024/06/14 10:06:05] DB Copy: Table wp_term_taxonomy contains 1 rows 
[INFO]-[2024/06/14 10:06:05] DB Copy: Copy data from wp_term_taxonomy to wpstg0_term_taxonomy - 0 to 10000 records
[INFO]-[2024/06/14 10:06:05] DB Copy: Table wpstg0_termmeta already exists, dropping it first
[INFO]-[2024/06/14 10:06:05] DB Copy: Creating table wpstg0_termmeta
[INFO]-[2024/06/14 10:06:05] DB Copy: Table wp_termmeta contains 0 rows 
[INFO]-[2024/06/14 10:06:05] DB Copy: Table wpstg0_terms already exists, dropping it first
[INFO]-[2024/06/14 10:06:05] DB Copy: Creating table wpstg0_terms
[INFO]-[2024/06/14 10:06:05] DB Copy: Table wp_terms contains 1 rows 
[INFO]-[2024/06/14 10:06:05] DB Copy: Copy data from wp_terms to wpstg0_terms - 0 to 10000 records
[INFO]-[2024/06/14 10:06:05] DB Copy: Table wpstg0_usermeta already exists, dropping it first
[INFO]-[2024/06/14 10:06:05] DB Copy: Creating table wpstg0_usermeta
[INFO]-[2024/06/14 10:06:05] DB Copy: Table wp_usermeta contains 18 rows 
[INFO]-[2024/06/14 10:06:05] DB Copy: Copy data from wp_usermeta to wpstg0_usermeta - 0 to 10000 records
[INFO]-[2024/06/14 10:06:05] DB Copy: Table wpstg0_users already exists, dropping it first
[INFO]-[2024/06/14 10:06:05] DB Copy: Creating table wpstg0_users
[INFO]-[2024/06/14 10:06:05] DB Copy: Table wp_users contains 1 rows 
[INFO]-[2024/06/14 10:06:05] DB Copy: Copy data from wp_users to wpstg0_users - 0 to 10000 records
[INFO]-[2024/06/14 10:06:06] DB Search & Replace:  Table wpstg0_comments 0 to 20000 records
[INFO]-[2024/06/14 10:06:06] DB Search & Replace:  Table wpstg0_options 0 to 20000 records
[INFO]-[2024/06/14 10:06:06] DB Search & Replace:  Table wpstg0_postmeta 0 to 20000 records
[INFO]-[2024/06/14 10:06:06] DB Search & Replace:  Table wpstg0_posts 0 to 20000 records
[INFO]-[2024/06/14 10:06:06] DB Search & Replace:  Table wpstg0_term_relationships 0 to 20000 records
[INFO]-[2024/06/14 10:06:06] DB Search & Replace:  Table wpstg0_term_taxonomy 0 to 20000 records
[INFO]-[2024/06/14 10:06:06] DB Search & Replace:  Table wpstg0_terms 0 to 20000 records
[INFO]-[2024/06/14 10:06:06] DB Search & Replace:  Table wpstg0_usermeta 0 to 20000 records
[INFO]-[2024/06/14 10:06:06] DB Search & Replace:  Table wpstg0_users 0 to 20000 records
[INFO]-[2024/06/14 10:06:06] Scanning / and its files
[INFO]-[2024/06/14 10:06:06] Scanning wp-content/plugins/, its sub-directories and files
[INFO]-[2024/06/14 10:06:07] Scanning wp-content/mu-plugins/, its sub-directories and files
[INFO]-[2024/06/14 10:06:07] Scanning wp-content/themes/, its sub-directories and files
[INFO]-[2024/06/14 10:06:07] Scanning wp-content/uploads/, its sub-directories and files
[INFO]-[2024/06/14 10:06:07] Scanning wp-content/ for other directories and files
[INFO]-[2024/06/14 10:06:07] Scanning wp-includes/, its sub-directories and files
[INFO]-[2024/06/14 10:06:07] Scanning wp-admin/, its sub-directories and files
[INFO]-[2024/06/14 10:06:07] Copying files...
[INFO]-[2024/06/14 10:06:07] Total 50 files processed
[INFO]-[2024/06/14 10:06:07] Total 100 files processed
[INFO]-[2024/06/14 10:06:07] Total 150 files processed
[INFO]-[2024/06/14 10:06:07] Total 200 files processed
[INFO]-[2024/06/14 10:06:07] Total 250 files processed
[INFO]-[2024/06/14 10:06:08] Total 300 files processed
[INFO]-[2024/06/14 10:06:08] Total 350 files processed
[INFO]-[2024/06/14 10:06:08] Total 400 files processed
[INFO]-[2024/06/14 10:06:08] Total 450 files processed
[INFO]-[2024/06/14 10:06:08] Total 500 files processed
[INFO]-[2024/06/14 10:06:08] Total 550 files processed
[INFO]-[2024/06/14 10:06:08] Total 600 files processed
[INFO]-[2024/06/14 10:06:08] Total 650 files processed
[INFO]-[2024/06/14 10:06:08] Total 700 files processed
[INFO]-[2024/06/14 10:06:08] Total 750 files processed
[INFO]-[2024/06/14 10:06:08] Total 800 files processed
[INFO]-[2024/06/14 10:06:08] Total 850 files processed
[INFO]-[2024/06/14 10:06:08] Total 900 files processed
[INFO]-[2024/06/14 10:06:08] Total 950 files processed
[INFO]-[2024/06/14 10:06:08] Total 1000 files processed
[INFO]-[2024/06/14 10:06:09] Total 1050 files processed
[INFO]-[2024/06/14 10:06:09] Total 1100 files processed
[INFO]-[2024/06/14 10:06:09] Total 1150 files processed
[INFO]-[2024/06/14 10:06:09] Total 1200 files processed
[INFO]-[2024/06/14 10:06:09] Total 1250 files processed
[INFO]-[2024/06/14 10:06:09] Total 1300 files processed
[INFO]-[2024/06/14 10:06:09] Total 1350 files processed
[INFO]-[2024/06/14 10:06:09] Total 1400 files processed
[INFO]-[2024/06/14 10:06:09] Total 1450 files processed
[INFO]-[2024/06/14 10:06:09] Total 1500 files processed
[INFO]-[2024/06/14 10:06:09] Total 1550 files processed
[INFO]-[2024/06/14 10:06:09] Total 1600 files processed
[INFO]-[2024/06/14 10:06:09] Total 1650 files processed
[INFO]-[2024/06/14 10:06:10] Total 1700 files processed
[INFO]-[2024/06/14 10:06:10] Total 1750 files processed
[INFO]-[2024/06/14 10:06:10] Total 1800 files processed
[INFO]-[2024/06/14 10:06:10] Total 1850 files processed
[INFO]-[2024/06/14 10:06:10] Total 1900 files processed
[INFO]-[2024/06/14 10:06:10] Total 1950 files processed
[INFO]-[2024/06/14 10:06:10] Total 2000 files processed
[INFO]-[2024/06/14 10:06:10] Total 2050 files processed
[INFO]-[2024/06/14 10:06:10] Total 2100 files processed
[INFO]-[2024/06/14 10:06:10] Total 2150 files processed
[INFO]-[2024/06/14 10:06:10] Total 2200 files processed
[INFO]-[2024/06/14 10:06:11] Total 2250 files processed
[INFO]-[2024/06/14 10:06:11] Total 2300 files processed
[INFO]-[2024/06/14 10:06:11] Total 2350 files processed
[INFO]-[2024/06/14 10:06:11] Total 2400 files processed
[INFO]-[2024/06/14 10:06:11] Total 2450 files processed
[INFO]-[2024/06/14 10:06:11] Total 2500 files processed
[INFO]-[2024/06/14 10:06:11] Total 2550 files processed
[INFO]-[2024/06/14 10:06:11] Total 2600 files processed
[INFO]-[2024/06/14 10:06:11] Total 2650 files processed
[INFO]-[2024/06/14 10:06:11] Total 2700 files processed
[INFO]-[2024/06/14 10:06:11] Total 2750 files processed
[INFO]-[2024/06/14 10:06:11] Total 2800 files processed
[INFO]-[2024/06/14 10:06:11] Total 2850 files processed
[INFO]-[2024/06/14 10:06:11] Total 2900 files processed
[INFO]-[2024/06/14 10:06:12] Total 2950 files processed
[INFO]-[2024/06/14 10:06:12] Total 3000 files processed
[INFO]-[2024/06/14 10:06:12] Total 3050 files processed
[INFO]-[2024/06/14 10:06:12] Total 3100 files processed
[INFO]-[2024/06/14 10:06:12] Total 3150 files processed
[INFO]-[2024/06/14 10:06:12] Total 3200 files processed
[INFO]-[2024/06/14 10:06:12] Total 3250 files processed
[INFO]-[2024/06/14 10:06:12] Total 3300 files processed
[INFO]-[2024/06/14 10:06:12] Total 3350 files processed
[INFO]-[2024/06/14 10:06:12] Total 3400 files processed
[INFO]-[2024/06/14 10:06:12] Total 3450 files processed
[INFO]-[2024/06/14 10:06:12] Total 3500 files processed
[INFO]-[2024/06/14 10:06:12] Total 3550 files processed
[INFO]-[2024/06/14 10:06:12] Total 3600 files processed
[INFO]-[2024/06/14 10:06:13] Total 3650 files processed
[INFO]-[2024/06/14 10:06:13] Total 3700 files processed
[INFO]-[2024/06/14 10:06:13] Total 3750 files processed
[INFO]-[2024/06/14 10:06:13] Total 3800 files processed
[INFO]-[2024/06/14 10:06:13] Total 3850 files processed
[INFO]-[2024/06/14 10:06:13] Total 3900 files processed
[INFO]-[2024/06/14 10:06:13] Copying files finished
[INFO]-[2024/06/14 10:06:13] DB Data Step 0: Copy wp-config.php file
[INFO]-[2024/06/14 10:06:13] DB Data Step 0: Excluded: wp-config.php is excluded by filter
[INFO]-[2024/06/14 10:06:13] DB Data Step 1: Updating siteurl and homeurl in wpstg0_options to https://ramenosusu.shop/staging-ramenosu
[INFO]-[2024/06/14 10:06:13] DB Data Step 3: Updating db prefix in wpstg0_usermeta.
[INFO]-[2024/06/14 10:06:13] DB Data Step 4: Updating table_prefix in /virtual/ramenosusu/public_html/ramenosusu.shop/staging-ramenosu/wp-config.php to wpstg0_
[INFO]-[2024/06/14 10:06:13] DB Data Step 4: Excluded: wp-config.php is excluded by filter
[INFO]-[2024/06/14 10:06:13] DB Data Step 5: WP installation is not in a subdirectory! Skipping this step
[INFO]-[2024/06/14 10:06:13] DB Data Step 6: Updating db prefix in wpstg0_options.
[INFO]-[2024/06/14 10:06:13] DB Data Step 7: Updating constants in wp-config.php
[INFO]-[2024/06/14 10:06:13] DB Data Step 7: Excluded: wp-config.php is excluded by filter
[INFO]-[2024/06/14 10:06:14] Finish: Deleting clone job's cache files...
[INFO]-[2024/06/14 10:06:14] Finish: Clone job's cache files have been deleted!
[INFO]-[2024/06/14 10:06:14] Finish: Verifying existing clones...
[INFO]-[2024/06/14 10:06:14] Finish: The job finished!
[info]-[2024/06/14 10:06:14] ################## FINISH ##################
[INFO]-[2024/06/14 10:09:36] #################### Start Update Job ####################
[info]-[2024/06/14 10:09:36] Staging Site ID: 1718326501896
[info]-[2024/06/14 10:09:36] Staging Site: staging.ramenosusu
[info]-[2024/06/14 10:09:36] WP Staging Version: 3.6.0
[info]-[2024/06/14 10:09:36] PHP Version: 7.4.33
[info]-[2024/06/14 10:09:36] Server: Apache
[info]-[2024/06/14 10:09:36] MySQL: 10.6.17
[info]-[2024/06/14 10:09:36] WP Version: 6.5.4
[info]-[2024/06/14 10:09:36] Host: General
[info]-[2024/06/14 10:09:36] PHP Memory Limit: 1073741824
[info]-[2024/06/14 10:09:36] WP Memory Limit: 41943040
[info]-[2024/06/14 10:09:36] PHP Max Execution Time: 300
[INFO]-[2024/06/14 10:09:36] DB Copy: Table wpstg0_commentmeta already exists, dropping it first
[INFO]-[2024/06/14 10:09:36] DB Copy: Creating table wpstg0_commentmeta
[INFO]-[2024/06/14 10:09:36] DB Copy: Table wp_commentmeta contains 0 rows 
[INFO]-[2024/06/14 10:09:37] DB Copy: Table wpstg0_comments already exists, dropping it first
[INFO]-[2024/06/14 10:09:37] DB Copy: Creating table wpstg0_comments
[INFO]-[2024/06/14 10:09:37] DB Copy: Table wp_comments contains 1 rows 
[INFO]-[2024/06/14 10:09:37] DB Copy: Copy data from wp_comments to wpstg0_comments - 0 to 10000 records
[INFO]-[2024/06/14 10:09:37] DB Copy: Table wpstg0_links already exists, dropping it first
[INFO]-[2024/06/14 10:09:37] DB Copy: Creating table wpstg0_links
[INFO]-[2024/06/14 10:09:37] DB Copy: Table wp_links contains 0 rows 
[INFO]-[2024/06/14 10:09:37] DB Copy: Table wpstg0_options already exists, dropping it first
[INFO]-[2024/06/14 10:09:37] DB Copy: Creating table wpstg0_options
[INFO]-[2024/06/14 10:09:37] DB Copy: Table wp_options contains 181 rows 
[INFO]-[2024/06/14 10:09:37] DB Copy: Copy data from wp_options to wpstg0_options - 0 to 10000 records
[INFO]-[2024/06/14 10:09:37] DB Copy: Table wpstg0_postmeta already exists, dropping it first
[INFO]-[2024/06/14 10:09:37] DB Copy: Creating table wpstg0_postmeta
[INFO]-[2024/06/14 10:09:37] DB Copy: Table wp_postmeta contains 3 rows 
[INFO]-[2024/06/14 10:09:37] DB Copy: Copy data from wp_postmeta to wpstg0_postmeta - 0 to 10000 records
[INFO]-[2024/06/14 10:09:37] DB Copy: Table wpstg0_posts already exists, dropping it first
[INFO]-[2024/06/14 10:09:37] DB Copy: Creating table wpstg0_posts
[INFO]-[2024/06/14 10:09:37] DB Copy: Table wp_posts contains 5 rows 
[INFO]-[2024/06/14 10:09:37] DB Copy: Copy data from wp_posts to wpstg0_posts - 0 to 10000 records
[INFO]-[2024/06/14 10:09:37] DB Copy: Table wpstg0_term_relationships already exists, dropping it first
[INFO]-[2024/06/14 10:09:37] DB Copy: Creating table wpstg0_term_relationships
[INFO]-[2024/06/14 10:09:37] DB Copy: Table wp_term_relationships contains 2 rows 
[INFO]-[2024/06/14 10:09:37] DB Copy: Copy data from wp_term_relationships to wpstg0_term_relationships - 0 to 10000 records
[INFO]-[2024/06/14 10:09:37] DB Copy: Table wpstg0_term_taxonomy already exists, dropping it first
[INFO]-[2024/06/14 10:09:37] DB Copy: Creating table wpstg0_term_taxonomy
[INFO]-[2024/06/14 10:09:37] DB Copy: Table wp_term_taxonomy contains 2 rows 
[INFO]-[2024/06/14 10:09:37] DB Copy: Copy data from wp_term_taxonomy to wpstg0_term_taxonomy - 0 to 10000 records
[INFO]-[2024/06/14 10:09:37] DB Copy: Table wpstg0_termmeta already exists, dropping it first
[INFO]-[2024/06/14 10:09:37] DB Copy: Creating table wpstg0_termmeta
[INFO]-[2024/06/14 10:09:37] DB Copy: Table wp_termmeta contains 0 rows 
[INFO]-[2024/06/14 10:09:37] DB Copy: Table wpstg0_terms already exists, dropping it first
[INFO]-[2024/06/14 10:09:37] DB Copy: Creating table wpstg0_terms
[INFO]-[2024/06/14 10:09:37] DB Copy: Table wp_terms contains 2 rows 
[INFO]-[2024/06/14 10:09:37] DB Copy: Copy data from wp_terms to wpstg0_terms - 0 to 10000 records
[INFO]-[2024/06/14 10:09:37] DB Copy: Table wpstg0_usermeta already exists, dropping it first
[INFO]-[2024/06/14 10:09:37] DB Copy: Creating table wpstg0_usermeta
[INFO]-[2024/06/14 10:09:37] DB Copy: Table wp_usermeta contains 18 rows 
[INFO]-[2024/06/14 10:09:37] DB Copy: Copy data from wp_usermeta to wpstg0_usermeta - 0 to 10000 records
[INFO]-[2024/06/14 10:09:37] DB Copy: Table wpstg0_users already exists, dropping it first
[INFO]-[2024/06/14 10:09:37] DB Copy: Creating table wpstg0_users
[INFO]-[2024/06/14 10:09:37] DB Copy: Table wp_users contains 1 rows 
[INFO]-[2024/06/14 10:09:37] DB Copy: Copy data from wp_users to wpstg0_users - 0 to 10000 records
[INFO]-[2024/06/14 10:09:37] DB Search & Replace:  Table wpstg0_comments 0 to 20000 records
[INFO]-[2024/06/14 10:09:38] DB Search & Replace:  Table wpstg0_options 0 to 20000 records
[INFO]-[2024/06/14 10:09:38] DB Search & Replace:  Table wpstg0_postmeta 0 to 20000 records
[INFO]-[2024/06/14 10:09:38] DB Search & Replace:  Table wpstg0_posts 0 to 20000 records
[INFO]-[2024/06/14 10:09:38] DB Search & Replace:  Table wpstg0_term_relationships 0 to 20000 records
[INFO]-[2024/06/14 10:09:38] DB Search & Replace:  Table wpstg0_term_taxonomy 0 to 20000 records
[INFO]-[2024/06/14 10:09:38] DB Search & Replace:  Table wpstg0_terms 0 to 20000 records
[INFO]-[2024/06/14 10:09:38] DB Search & Replace:  Table wpstg0_usermeta 0 to 20000 records
[INFO]-[2024/06/14 10:09:38] DB Search & Replace:  Table wpstg0_users 0 to 20000 records
[INFO]-[2024/06/14 10:09:38] Scanning / and its files
[INFO]-[2024/06/14 10:09:38] Scanning wp-content/plugins/, its sub-directories and files
[INFO]-[2024/06/14 10:09:38] Scanning wp-content/mu-plugins/, its sub-directories and files
[INFO]-[2024/06/14 10:09:38] Scanning wp-content/themes/, its sub-directories and files
[INFO]-[2024/06/14 10:09:38] Scanning wp-content/uploads/, its sub-directories and files
[INFO]-[2024/06/14 10:09:38] Scanning wp-content/ for other directories and files
[INFO]-[2024/06/14 10:09:38] Scanning wp-includes/, its sub-directories and files
[INFO]-[2024/06/14 10:09:39] Scanning wp-admin/, its sub-directories and files
[INFO]-[2024/06/14 10:09:39] Copying files...
[INFO]-[2024/06/14 10:09:39] Total 50 files processed
[INFO]-[2024/06/14 10:09:39] Total 100 files processed
[INFO]-[2024/06/14 10:09:39] Total 150 files processed
[INFO]-[2024/06/14 10:09:39] Total 200 files processed
[INFO]-[2024/06/14 10:09:39] Total 250 files processed
[INFO]-[2024/06/14 10:09:39] Total 300 files processed
[INFO]-[2024/06/14 10:09:39] Total 350 files processed
[INFO]-[2024/06/14 10:09:39] Total 400 files processed
[INFO]-[2024/06/14 10:09:39] Total 450 files processed
[INFO]-[2024/06/14 10:09:39] Total 500 files processed
[INFO]-[2024/06/14 10:09:39] Total 550 files processed
[INFO]-[2024/06/14 10:09:40] Total 600 files processed
[INFO]-[2024/06/14 10:09:40] Total 650 files processed
[INFO]-[2024/06/14 10:09:40] Total 700 files processed
[INFO]-[2024/06/14 10:09:40] Total 750 files processed
[INFO]-[2024/06/14 10:09:40] Total 800 files processed
[INFO]-[2024/06/14 10:09:40] Total 850 files processed
[INFO]-[2024/06/14 10:09:40] Total 900 files processed
[INFO]-[2024/06/14 10:09:40] Total 950 files processed
[INFO]-[2024/06/14 10:09:40] Total 1000 files processed
[INFO]-[2024/06/14 10:09:40] Total 1050 files processed
[INFO]-[2024/06/14 10:09:40] Total 1100 files processed
[INFO]-[2024/06/14 10:09:40] Total 1150 files processed
[INFO]-[2024/06/14 10:09:40] Total 1200 files processed
[INFO]-[2024/06/14 10:09:40] Total 1250 files processed
[INFO]-[2024/06/14 10:09:40] Total 1300 files processed
[INFO]-[2024/06/14 10:09:41] Total 1350 files processed
[INFO]-[2024/06/14 10:09:41] Total 1400 files processed
[INFO]-[2024/06/14 10:09:41] Total 1450 files processed
[INFO]-[2024/06/14 10:09:41] Total 1500 files processed
[INFO]-[2024/06/14 10:09:41] Total 1550 files processed
[INFO]-[2024/06/14 10:09:41] Total 1600 files processed
[INFO]-[2024/06/14 10:09:41] Total 1650 files processed
[INFO]-[2024/06/14 10:09:41] Total 1700 files processed
[INFO]-[2024/06/14 10:09:41] Total 1750 files processed
[INFO]-[2024/06/14 10:09:41] Total 1800 files processed
[INFO]-[2024/06/14 10:09:41] Total 1850 files processed
[INFO]-[2024/06/14 10:09:41] Total 1900 files processed
[INFO]-[2024/06/14 10:09:41] Total 1950 files processed
[INFO]-[2024/06/14 10:09:41] Total 2000 files processed
[INFO]-[2024/06/14 10:09:42] Total 2050 files processed
[INFO]-[2024/06/14 10:09:42] Total 2100 files processed
[INFO]-[2024/06/14 10:09:42] Total 2150 files processed
[INFO]-[2024/06/14 10:09:42] Total 2200 files processed
[INFO]-[2024/06/14 10:09:42] Total 2250 files processed
[INFO]-[2024/06/14 10:09:42] Total 2300 files processed
[INFO]-[2024/06/14 10:09:42] Total 2350 files processed
[INFO]-[2024/06/14 10:09:42] Total 2400 files processed
[INFO]-[2024/06/14 10:09:42] Total 2450 files processed
[INFO]-[2024/06/14 10:09:42] Total 2500 files processed
[INFO]-[2024/06/14 10:09:42] Total 2550 files processed
[INFO]-[2024/06/14 10:09:42] Total 2600 files processed
[INFO]-[2024/06/14 10:09:42] Total 2650 files processed
[INFO]-[2024/06/14 10:09:42] Total 2700 files processed
[INFO]-[2024/06/14 10:09:42] Total 2750 files processed
[INFO]-[2024/06/14 10:09:43] Total 2800 files processed
[INFO]-[2024/06/14 10:09:43] Total 2850 files processed
[INFO]-[2024/06/14 10:09:43] Total 2900 files processed
[INFO]-[2024/06/14 10:09:43] Total 2950 files processed
[INFO]-[2024/06/14 10:09:43] Total 3000 files processed
[INFO]-[2024/06/14 10:09:43] Total 3050 files processed
[INFO]-[2024/06/14 10:09:43] Total 3100 files processed
[INFO]-[2024/06/14 10:09:43] Total 3150 files processed
[INFO]-[2024/06/14 10:09:43] Total 3200 files processed
[INFO]-[2024/06/14 10:09:43] Total 3250 files processed
[INFO]-[2024/06/14 10:09:43] Total 3300 files processed
[INFO]-[2024/06/14 10:09:43] Total 3350 files processed
[INFO]-[2024/06/14 10:09:43] Total 3400 files processed
[INFO]-[2024/06/14 10:09:43] Total 3450 files processed
[INFO]-[2024/06/14 10:09:43] Total 3500 files processed
[INFO]-[2024/06/14 10:09:43] Total 3550 files processed
[INFO]-[2024/06/14 10:09:44] Total 3600 files processed
[INFO]-[2024/06/14 10:09:44] Total 3650 files processed
[INFO]-[2024/06/14 10:09:44] Total 3700 files processed
[INFO]-[2024/06/14 10:09:44] Total 3750 files processed
[INFO]-[2024/06/14 10:09:44] Total 3800 files processed
[INFO]-[2024/06/14 10:09:44] Total 3850 files processed
[INFO]-[2024/06/14 10:09:44] Total 3900 files processed
[INFO]-[2024/06/14 10:09:44] Copying files finished
[INFO]-[2024/06/14 10:09:44] DB Data Step 0: Copy wp-config.php file
[INFO]-[2024/06/14 10:09:44] DB Data Step 0: Excluded: wp-config.php is excluded by filter
[INFO]-[2024/06/14 10:09:44] DB Data Step 1: Updating siteurl and homeurl in wpstg0_options to https://ramenosusu.shop/staging-ramenosu
[INFO]-[2024/06/14 10:09:44] DB Data Step 3: Updating db prefix in wpstg0_usermeta.
[INFO]-[2024/06/14 10:09:44] DB Data Step 4: Updating table_prefix in /virtual/ramenosusu/public_html/ramenosusu.shop/staging-ramenosu/wp-config.php to wpstg0_
[INFO]-[2024/06/14 10:09:44] DB Data Step 4: Excluded: wp-config.php is excluded by filter
[INFO]-[2024/06/14 10:09:44] DB Data Step 5: WP installation is not in a subdirectory! Skipping this step
[INFO]-[2024/06/14 10:09:44] DB Data Step 6: Updating db prefix in wpstg0_options.
[INFO]-[2024/06/14 10:09:44] DB Data Step 7: Updating constants in wp-config.php
[INFO]-[2024/06/14 10:09:44] DB Data Step 7: Excluded: wp-config.php is excluded by filter
[INFO]-[2024/06/14 10:09:45] Finish: Deleting clone job's cache files...
[INFO]-[2024/06/14 10:09:45] Finish: Clone job's cache files have been deleted!
[INFO]-[2024/06/14 10:09:45] Finish: Verifying existing clones...
[INFO]-[2024/06/14 10:09:45] Finish: The job finished!
[info]-[2024/06/14 10:09:45] ################## FINISH ##################
